1.0000x^3+1.0000
3.0000
1.0000x^4+4.0000x^3+6.0000x^2+4.0000x+1.0000
1.0000
4.0000x^2
1.0000x^3+1.0000
1.0000
1.0000x^4+4.0000x^3+6.0000x^2+4.0000x+1.0000
1.0000x^4+5.0000x^3+6.0000x^2+4.0000x+2.0000
1.0000x^3+1.0000
3.0000x^3+3.0000
3.0000x^3+3.0000
3.0000x^7+12.0000x^6+18.0000x^5+15.0000x^4+15.0000x^3+18.0000x^2+12.0000x+3.0000
3.0000
0.0000
1.0000
0.0000
0.0000
NULL
9.0000x^2
12.0000x^2+24.0000x+12.0000
3.0000x
1.0000x^4+4.0000x^3+6.0000x^2
0.7500x^4+3.0000x
301.5000
582.0000
0.0000
1.0000x+1.0000
1.0000
1.0000x^3+1.0000
1.0000x^4+1.0000x^3+1.0000x+1.0000
1.0000x^4+1.0000x
1.0000x^3+1.0000
1.0000
0.0000
0.3333x^2
12.0000x^2+24.0000x+12.0000
0.0000
81.0000x^4
144.0000x^4+576.0000x^3+864.0000x^2+576.0000x+144.0000
